<?xml version="1.0" encoding="UTF-8"?>
<!-- Generated by org.testng.reporters.JUnitReportReporter -->
<testsuite skipped="0" hostname="DESKTOP-S2RK17E" name="Learn.lala" tests="1" failures="0" timestamp="2021-11-20T08:48:25 CST" time="24.113" errors="0">
  <testcase name="testLogin" time="24.113" classname="Learn.lala"/>
  <system-out/>
</testsuite> <!-- Learn.lala -->
